<?xml version="1.0" encoding="UTF-8"?>
<!-- Generated by org.testng.reporters.JUnitReportReporter -->
<testsuite hostname="DESKTOP-NDCKCRV" failures="0" tests="1" name="com.testcases.login" time="5.061" errors="0" timestamp="2 Jun 2023 19:01:16 GMT">
  <testcase classname="com.testcases.login" name="loginapp" time="5.061"/>
</testsuite> <!-- com.testcases.login -->
